#! /usr/bin/vvp
:ivl_version "12.0 (stable)";
:ivl_delay_selection "TYPICAL";
:vpi_time_precision + 0;
:vpi_module "/usr/lib/x86_64-linux-gnu/ivl/system.vpi";
:vpi_module "/usr/lib/x86_64-linux-gnu/ivl/vhdl_sys.vpi";
:vpi_module "/usr/lib/x86_64-linux-gnu/ivl/vhdl_textio.vpi";
:vpi_module "/usr/lib/x86_64-linux-gnu/ivl/v2005_math.vpi";
:vpi_module "/usr/lib/x86_64-linux-gnu/ivl/va_math.vpi";
:vpi_module "/usr/lib/x86_64-linux-gnu/ivl/v2009.vpi";
S_0x56f109cfc8d0 .scope package, "$unit" "$unit" 2 1;
 .timescale 0 0;
S_0x56f109cfca60 .scope module, "user_project_wrapper" "user_project_wrapper" 3 1;
 .timescale 0 0;
    .port_info 0 /INPUT 1 "wb_clk_i";
    .port_info 1 /INPUT 1 "wb_rst_i";
    .port_info 2 /INPUT 38 "io_in";
    .port_info 3 /OUTPUT 38 "io_out";
    .port_info 4 /INPUT 1 "vdda1";
    .port_info 5 /INPUT 1 "vdda2";
    .port_info 6 /INPUT 1 "vssa1";
    .port_info 7 /INPUT 1 "vssa2";
    .port_info 8 /INPUT 1 "vccd1";
    .port_info 9 /INPUT 1 "vccd2";
    .port_info 10 /INPUT 1 "vssd1";
    .port_info 11 /INPUT 1 "vssd2";
L_0x56f109cfee30 .functor BUFZ 8, v0x56f109d13120_0, C4<00000000>, C4<00000000>, C4<00000000>;
v0x56f109d133b0_0 .net *"_ivl_11", 7 0, L_0x56f109cfee30;  1 drivers
L_0x749d1449d018 .functor BUFT 1, C4<000000000000000000000000000000>, C4<0>, C4<0>, C4<0>;
v0x56f109d134b0_0 .net/2u *"_ivl_15", 29 0, L_0x749d1449d018;  1 drivers
v0x56f109d13590_0 .net "clk", 0 0, L_0x56f109d14520;  1 drivers
v0x56f109d13630_0 .net "d", 7 0, L_0x56f109d147f0;  1 drivers
v0x56f109d136d0_0 .net "enable", 0 0, L_0x56f109d14700;  1 drivers
o0x749d144e6258 .functor BUFZ 38, C4<zzzzzzzzzzzzzzzzzzzzzzzzzzzzzzzzzzzzzz>; HiZ drive
v0x56f109d137c0_0 .net "io_in", 37 0, o0x749d144e6258;  0 drivers
v0x56f109d13860_0 .net "io_out", 37 0, L_0x56f109d14910;  1 drivers
v0x56f109d13920_0 .net "q", 7 0, v0x56f109d13120_0;  1 drivers
v0x56f109d13a10_0 .net "reset", 0 0, L_0x56f109d145c0;  1 drivers
o0x749d144e62b8 .functor BUFZ 1, C4<z>; HiZ drive
v0x56f109d13ae0_0 .net "vccd1", 0 0, o0x749d144e62b8;  0 drivers
o0x749d144e62e8 .functor BUFZ 1, C4<z>; HiZ drive
v0x56f109d13b80_0 .net "vccd2", 0 0, o0x749d144e62e8;  0 drivers
o0x749d144e6318 .functor BUFZ 1, C4<z>; HiZ drive
v0x56f109d13c20_0 .net "vdda1", 0 0, o0x749d144e6318;  0 drivers
o0x749d144e6348 .functor BUFZ 1, C4<z>; HiZ drive
v0x56f109d13ce0_0 .net "vdda2", 0 0, o0x749d144e6348;  0 drivers
o0x749d144e6378 .functor BUFZ 1, C4<z>; HiZ drive
v0x56f109d13da0_0 .net "vssa1", 0 0, o0x749d144e6378;  0 drivers
o0x749d144e63a8 .functor BUFZ 1, C4<z>; HiZ drive
v0x56f109d13e60_0 .net "vssa2", 0 0, o0x749d144e63a8;  0 drivers
o0x749d144e63d8 .functor BUFZ 1, C4<z>; HiZ drive
v0x56f109d13f20_0 .net "vssd1", 0 0, o0x749d144e63d8;  0 drivers
o0x749d144e6408 .functor BUFZ 1, C4<z>; HiZ drive
v0x56f109d13fe0_0 .net "vssd2", 0 0, o0x749d144e6408;  0 drivers
o0x749d144e6438 .functor BUFZ 1, C4<z>; HiZ drive
v0x56f109d141b0_0 .net "wb_clk_i", 0 0, o0x749d144e6438;  0 drivers
o0x749d144e6468 .functor BUFZ 1, C4<z>; HiZ drive
v0x56f109d14270_0 .net "wb_rst_i", 0 0, o0x749d144e6468;  0 drivers
L_0x56f109d14520 .part o0x749d144e6258, 0, 1;
L_0x56f109d145c0 .part o0x749d144e6258, 1, 1;
L_0x56f109d14700 .part o0x749d144e6258, 2, 1;
L_0x56f109d147f0 .part o0x749d144e6258, 3, 8;
L_0x56f109d14910 .concat8 [ 8 30 0 0], L_0x56f109cfee30, L_0x749d1449d018;
S_0x56f109cc2490 .scope module, "dut" "register_8bit_en" 3 26, 4 1 0, S_0x56f109cfca60;
 .timescale 0 0;
    .port_info 0 /INPUT 1 "clk";
    .port_info 1 /INPUT 1 "reset";
    .port_info 2 /INPUT 1 "enable";
    .port_info 3 /INPUT 8 "d";
    .port_info 4 /OUTPUT 8 "q";
v0x56f109cebd00_0 .net "clk", 0 0, L_0x56f109d14520;  alias, 1 drivers
v0x56f109d12fa0_0 .net "d", 7 0, L_0x56f109d147f0;  alias, 1 drivers
v0x56f109d13080_0 .net "enable", 0 0, L_0x56f109d14700;  alias, 1 drivers
v0x56f109d13120_0 .var "q", 7 0;
v0x56f109d13200_0 .net "reset", 0 0, L_0x56f109d145c0;  alias, 1 drivers
E_0x56f109cd6640 .event posedge, v0x56f109cebd00_0;
    .scope S_0x56f109cc2490;
T_0 ;
    %wait E_0x56f109cd6640;
    %load/vec4 v0x56f109d13200_0;
    %flag_set/vec4 8;
    %jmp/0xz  T_0.0, 8;
    %pushi/vec4 0, 0, 8;
    %assign/vec4 v0x56f109d13120_0, 0;
    %jmp T_0.1;
T_0.0 ;
    %load/vec4 v0x56f109d13080_0;
    %flag_set/vec4 8;
    %jmp/0xz  T_0.2, 8;
    %load/vec4 v0x56f109d12fa0_0;
    %assign/vec4 v0x56f109d13120_0, 0;
    %jmp T_0.3;
T_0.2 ;
    %load/vec4 v0x56f109d13120_0;
    %assign/vec4 v0x56f109d13120_0, 0;
T_0.3 ;
T_0.1 ;
    %jmp T_0;
    .thread T_0;
# The file index is used to find the file name in the following table.
:file_names 5;
    "N/A";
    "<interactive>";
    "-";
    "verilog/rtl/user_project_wrapper.v";
    "verilog/rtl/register_8bit_en.v";
